0 info it worked if it ends with ok
1 verbose cli [ '/usr/local/Cellar/node/7.4.0/bin/node',
1 verbose cli   '/usr/local/bin/npm',
1 verbose cli   'run',
1 verbose cli   'custom:server' ]
2 info using npm@4.0.5
3 info using node@v7.4.0
4 verbose run-script [ 'precustom:server', 'custom:server', 'postcustom:server' ]
5 info lifecycle my-mern-setup@1.0.0~precustom:server: my-mern-setup@1.0.0
6 silly lifecycle my-mern-setup@1.0.0~precustom:server: no script for precustom:server, continuing
7 info lifecycle my-mern-setup@1.0.0~custom:server: my-mern-setup@1.0.0
8 verbose lifecycle my-mern-setup@1.0.0~custom:server: unsafe-perm in lifecycle true
9 verbose lifecycle my-mern-setup@1.0.0~custom:server: PATH: /usr/local/lib/node_modules/npm/bin/node-gyp-bin:/Users/carlaberg/Documents/Carl/code/test-projekt/my-mern-setup/node_modules/.bin:/Users/carlaberg/.composer/vendor/bin:/usr/local/bin:/usr/bin:/bin:/usr/sbin:/sbin:/usr/local/share/dotnet:/Users/carlaberg/.composer/vendor/bin:./node_modules/.bin:./node_modules/.bin
10 verbose lifecycle my-mern-setup@1.0.0~custom:server: CWD: /Users/carlaberg/Documents/Carl/code/test-projekt/my-mern-setup
11 silly lifecycle my-mern-setup@1.0.0~custom:server: Args: [ '-c', 'babel-node server.js --ignore public/' ]
12 silly lifecycle my-mern-setup@1.0.0~custom:server: Returned: code: 1  signal: null
13 info lifecycle my-mern-setup@1.0.0~custom:server: Failed to exec custom:server script
14 verbose stack Error: my-mern-setup@1.0.0 custom:server: `babel-node server.js --ignore public/`
14 verbose stack Exit status 1
14 verbose stack     at EventEmitter.<anonymous> (/usr/local/lib/node_modules/npm/lib/utils/lifecycle.js:279:16)
14 verbose stack     at emitTwo (events.js:106:13)
14 verbose stack     at EventEmitter.emit (events.js:191:7)
14 verbose stack     at ChildProcess.<anonymous> (/usr/local/lib/node_modules/npm/lib/utils/spawn.js:40:14)
14 verbose stack     at emitTwo (events.js:106:13)
14 verbose stack     at ChildProcess.emit (events.js:191:7)
14 verbose stack     at maybeClose (internal/child_process.js:885:16)
14 verbose stack     at Process.ChildProcess._handle.onexit (internal/child_process.js:226:5)
15 verbose pkgid my-mern-setup@1.0.0
16 verbose cwd /Users/carlaberg/Documents/Carl/code/test-projekt/my-mern-setup
17 error Darwin 16.5.0
18 error argv "/usr/local/Cellar/node/7.4.0/bin/node" "/usr/local/bin/npm" "run" "custom:server"
19 error node v7.4.0
20 error npm  v4.0.5
21 error code ELIFECYCLE
22 error my-mern-setup@1.0.0 custom:server: `babel-node server.js --ignore public/`
22 error Exit status 1
23 error Failed at the my-mern-setup@1.0.0 custom:server script 'babel-node server.js --ignore public/'.
23 error Make sure you have the latest version of node.js and npm installed.
23 error If you do, this is most likely a problem with the my-mern-setup package,
23 error not with npm itself.
23 error Tell the author that this fails on your system:
23 error     babel-node server.js --ignore public/
23 error You can get information on how to open an issue for this project with:
23 error     npm bugs my-mern-setup
23 error Or if that isn't available, you can get their info via:
23 error     npm owner ls my-mern-setup
23 error There is likely additional logging output above.
24 verbose exit [ 1, true ]
